CRITICAL - 2025-01-09 05:03:18 --> ErrorException: Trait "Dompdf\Dompdf\Dompdf" not found
[Method: GET, Route: company/job-apply/6]
in APPPATH\Controllers\JobApply.php on line 11.
 1 [internal function]: CodeIgniter\Debug\Exceptions->shutdownHandler()
CRITICAL - 2025-01-09 05:03:26 --> ErrorException: Trait "Dompdf\Dompdf\Dompdf" not found
[Method: GET, Route: company/job-apply/6]
in APPPATH\Controllers\JobApply.php on line 11.
 1 [internal function]: CodeIgniter\Debug\Exceptions->shutdownHandler()
CRITICAL - 2025-01-09 05:32:21 --> ErrorException: Undefined property: stdClass::$nama_freelance
[Method: GET, Route: freelancer/applied-job/detail/9]
in APPPATH\Views\freelancer\applied\detail.php on line 47.
 1 APPPATH\Views\freelancer\applied\detail.php(47): CodeIgniter\Debug\Exceptions->errorHandler(2, 'Undefined property: stdClass::$nama_freelance', 'C:\\xampp\\htdocs\\JobMatch_ecom\\app\\Views\\freelancer\\applied\\detail.php', 47)
 2 SYSTEMPATH\View\View.php(234): include('C:\\xampp\\htdocs\\JobMatch_ecom\\app\\Views\\freelancer\\applied\\detail.php')
 3 SYSTEMPATH\View\View.php(237): CodeIgniter\View\View->CodeIgniter\View\{closure}()
 4 SYSTEMPATH\Common.php(1171): CodeIgniter\View\View->render('freelancer/applied/detail', [], true)
 5 APPPATH\Controllers\AppliedJob.php(29): view('freelancer/applied/detail', [...])
 6 SYSTEMPATH\CodeIgniter.php(933): App\Controllers\AppliedJob->detail('9')
 7 SYSTEMPATH\CodeIgniter.php(509): CodeIgniter\CodeIgniter->runController(Object(App\Controllers\AppliedJob))
 8 SYSTEMPATH\CodeIgniter.php(355): CodeIgniter\CodeIgniter->handleRequest(null, Object(Config\Cache), false)
 9 SYSTEMPATH\Boot.php(325): CodeIgniter\CodeIgniter->run()
10 SYSTEMPATH\Boot.php(67): CodeIgniter\Boot::runCodeIgniter(Object(CodeIgniter\CodeIgniter))
11 FCPATH\index.php(56): CodeIgniter\Boot::bootWeb(Object(Config\Paths))
12 SYSTEMPATH\rewrite.php(44): require_once('C:\\xampp\\htdocs\\JobMatch_ecom\\public\\index.php')
CRITICAL - 2025-01-09 05:39:39 --> Error: Class "App\Controllers\Dompdf" not found
[Method: GET, Route: company/job-payment/6/9]
in APPPATH\Controllers\JobApply.php on line 99.
 1 SYSTEMPATH\CodeIgniter.php(933): App\Controllers\JobApply->jobPayment('6', '9')
 2 SYSTEMPATH\CodeIgniter.php(509): CodeIgniter\CodeIgniter->runController(Object(App\Controllers\JobApply))
 3 SYSTEMPATH\CodeIgniter.php(355): CodeIgniter\CodeIgniter->handleRequest(null, Object(Config\Cache), false)
 4 SYSTEMPATH\Boot.php(325): CodeIgniter\CodeIgniter->run()
 5 SYSTEMPATH\Boot.php(67): CodeIgniter\Boot::runCodeIgniter(Object(CodeIgniter\CodeIgniter))
 6 FCPATH\index.php(56): CodeIgniter\Boot::bootWeb(Object(Config\Paths))
 7 SYSTEMPATH\rewrite.php(44): require_once('C:\\xampp\\htdocs\\JobMatch_ecom\\public\\index.php')
