CRITICAL - 2025-01-01 16:08:26 --> ErrorException: Trying to access array offset on value of type null
[Method: GET, Route: freelancer/profile/edit]
in APPPATH\Views\freelancer\edit.php on line 63.
 1 APPPATH\Views\freelancer\edit.php(63): CodeIgniter\Debug\Exceptions->errorHandler(2, 'Trying to access array offset on value of type null', 'C:\\xampp\\htdocs\\JobMatch\\app\\Views\\freelancer\\edit.php', 63)
 2 SYSTEMPATH\View\View.php(234): include('C:\\xampp\\htdocs\\JobMatch\\app\\Views\\freelancer\\edit.php')
 3 SYSTEMPATH\View\View.php(237): CodeIgniter\View\View->CodeIgniter\View\{closure}()
 4 SYSTEMPATH\Common.php(1171): CodeIgniter\View\View->render('freelancer/edit', [], true)
 5 APPPATH\Controllers\Freelancer.php(29): view('freelancer/edit', [...])
 6 SYSTEMPATH\CodeIgniter.php(933): App\Controllers\Freelancer->edit()
 7 SYSTEMPATH\CodeIgniter.php(509): CodeIgniter\CodeIgniter->runController(Object(App\Controllers\Freelancer))
 8 SYSTEMPATH\CodeIgniter.php(355): CodeIgniter\CodeIgniter->handleRequest(null, Object(Config\Cache), false)
 9 SYSTEMPATH\Boot.php(325): CodeIgniter\CodeIgniter->run()
10 SYSTEMPATH\Boot.php(67): CodeIgniter\Boot::runCodeIgniter(Object(CodeIgniter\CodeIgniter))
11 FCPATH\index.php(56): CodeIgniter\Boot::bootWeb(Object(Config\Paths))
12 SYSTEMPATH\rewrite.php(44): require_once('C:\\xampp\\htdocs\\JobMatch\\public\\index.php')
CRITICAL - 2025-01-01 16:19:28 --> ErrorException: Trying to access array offset on value of type null
[Method: GET, Route: freelancer/profile/edit]
in APPPATH\Views\freelancer\edit.php on line 63.
 1 APPPATH\Views\freelancer\edit.php(63): CodeIgniter\Debug\Exceptions->errorHandler(2, 'Trying to access array offset on value of type null', 'C:\\xampp\\htdocs\\JobMatch\\app\\Views\\freelancer\\edit.php', 63)
 2 SYSTEMPATH\View\View.php(234): include('C:\\xampp\\htdocs\\JobMatch\\app\\Views\\freelancer\\edit.php')
 3 SYSTEMPATH\View\View.php(237): CodeIgniter\View\View->CodeIgniter\View\{closure}()
 4 SYSTEMPATH\Common.php(1171): CodeIgniter\View\View->render('freelancer/edit', [], true)
 5 APPPATH\Controllers\Freelancer.php(29): view('freelancer/edit', [...])
 6 SYSTEMPATH\CodeIgniter.php(933): App\Controllers\Freelancer->edit()
 7 SYSTEMPATH\CodeIgniter.php(509): CodeIgniter\CodeIgniter->runController(Object(App\Controllers\Freelancer))
 8 SYSTEMPATH\CodeIgniter.php(355): CodeIgniter\CodeIgniter->handleRequest(null, Object(Config\Cache), false)
 9 SYSTEMPATH\Boot.php(325): CodeIgniter\CodeIgniter->run()
10 SYSTEMPATH\Boot.php(67): CodeIgniter\Boot::runCodeIgniter(Object(CodeIgniter\CodeIgniter))
11 FCPATH\index.php(56): CodeIgniter\Boot::bootWeb(Object(Config\Paths))
12 SYSTEMPATH\rewrite.php(44): require_once('C:\\xampp\\htdocs\\JobMatch\\public\\index.php')
CRITICAL - 2025-01-01 16:25:02 --> ErrorException: unlink(assets2/company1735747346_b632acba5159a8b31813.jpg): No such file or directory
[Method: POST, Route: company/profile/update/7]
in APPPATH\Controllers\Company.php on line 81.
 1 [internal function]: CodeIgniter\Debug\Exceptions->errorHandler(2, 'unlink(assets2/company1735747346_b632acba5159a8b31813.jpg): No such file or directory', 'C:\\xampp\\htdocs\\JobMatch\\app\\Controllers\\Company.php', 81)
 2 APPPATH\Controllers\Company.php(81): unlink('assets2/company1735747346_b632acba5159a8b31813.jpg')
 3 SYSTEMPATH\CodeIgniter.php(933): App\Controllers\Company->update('7')
 4 SYSTEMPATH\CodeIgniter.php(509): CodeIgniter\CodeIgniter->runController(Object(App\Controllers\Company))
 5 SYSTEMPATH\CodeIgniter.php(355): CodeIgniter\CodeIgniter->handleRequest(null, Object(Config\Cache), false)
 6 SYSTEMPATH\Boot.php(325): CodeIgniter\CodeIgniter->run()
 7 SYSTEMPATH\Boot.php(67): CodeIgniter\Boot::runCodeIgniter(Object(CodeIgniter\CodeIgniter))
 8 FCPATH\index.php(56): CodeIgniter\Boot::bootWeb(Object(Config\Paths))
 9 SYSTEMPATH\rewrite.php(44): require_once('C:\\xampp\\htdocs\\JobMatch\\public\\index.php')
CRITICAL - 2025-01-01 16:25:14 --> ErrorException: unlink(assets2/company1735747346_b632acba5159a8b31813.jpg): No such file or directory
[Method: POST, Route: company/profile/update/7]
in APPPATH\Controllers\Company.php on line 81.
 1 [internal function]: CodeIgniter\Debug\Exceptions->errorHandler(2, 'unlink(assets2/company1735747346_b632acba5159a8b31813.jpg): No such file or directory', 'C:\\xampp\\htdocs\\JobMatch\\app\\Controllers\\Company.php', 81)
 2 APPPATH\Controllers\Company.php(81): unlink('assets2/company1735747346_b632acba5159a8b31813.jpg')
 3 SYSTEMPATH\CodeIgniter.php(933): App\Controllers\Company->update('7')
 4 SYSTEMPATH\CodeIgniter.php(509): CodeIgniter\CodeIgniter->runController(Object(App\Controllers\Company))
 5 SYSTEMPATH\CodeIgniter.php(355): CodeIgniter\CodeIgniter->handleRequest(null, Object(Config\Cache), false)
 6 SYSTEMPATH\Boot.php(325): CodeIgniter\CodeIgniter->run()
 7 SYSTEMPATH\Boot.php(67): CodeIgniter\Boot::runCodeIgniter(Object(CodeIgniter\CodeIgniter))
 8 FCPATH\index.php(56): CodeIgniter\Boot::bootWeb(Object(Config\Paths))
 9 SYSTEMPATH\rewrite.php(44): require_once('C:\\xampp\\htdocs\\JobMatch\\public\\index.php')
CRITICAL - 2025-01-01 16:25:17 --> ErrorException: unlink(assets2/company1735747346_b632acba5159a8b31813.jpg): No such file or directory
[Method: POST, Route: company/profile/update/7]
in APPPATH\Controllers\Company.php on line 81.
 1 [internal function]: CodeIgniter\Debug\Exceptions->errorHandler(2, 'unlink(assets2/company1735747346_b632acba5159a8b31813.jpg): No such file or directory', 'C:\\xampp\\htdocs\\JobMatch\\app\\Controllers\\Company.php', 81)
 2 APPPATH\Controllers\Company.php(81): unlink('assets2/company1735747346_b632acba5159a8b31813.jpg')
 3 SYSTEMPATH\CodeIgniter.php(933): App\Controllers\Company->update('7')
 4 SYSTEMPATH\CodeIgniter.php(509): CodeIgniter\CodeIgniter->runController(Object(App\Controllers\Company))
 5 SYSTEMPATH\CodeIgniter.php(355): CodeIgniter\CodeIgniter->handleRequest(null, Object(Config\Cache), false)
 6 SYSTEMPATH\Boot.php(325): CodeIgniter\CodeIgniter->run()
 7 SYSTEMPATH\Boot.php(67): CodeIgniter\Boot::runCodeIgniter(Object(CodeIgniter\CodeIgniter))
 8 FCPATH\index.php(56): CodeIgniter\Boot::bootWeb(Object(Config\Paths))
 9 SYSTEMPATH\rewrite.php(44): require_once('C:\\xampp\\htdocs\\JobMatch\\public\\index.php')
CRITICAL - 2025-01-01 16:27:33 --> ErrorException: unlink(assets2/company1735747346_b632acba5159a8b31813.jpg): No such file or directory
[Method: POST, Route: company/profile/update/7]
in APPPATH\Controllers\Company.php on line 81.
 1 [internal function]: CodeIgniter\Debug\Exceptions->errorHandler(2, 'unlink(assets2/company1735747346_b632acba5159a8b31813.jpg): No such file or directory', 'C:\\xampp\\htdocs\\JobMatch\\app\\Controllers\\Company.php', 81)
 2 APPPATH\Controllers\Company.php(81): unlink('assets2/company1735747346_b632acba5159a8b31813.jpg')
 3 SYSTEMPATH\CodeIgniter.php(933): App\Controllers\Company->update('7')
 4 SYSTEMPATH\CodeIgniter.php(509): CodeIgniter\CodeIgniter->runController(Object(App\Controllers\Company))
 5 SYSTEMPATH\CodeIgniter.php(355): CodeIgniter\CodeIgniter->handleRequest(null, Object(Config\Cache), false)
 6 SYSTEMPATH\Boot.php(325): CodeIgniter\CodeIgniter->run()
 7 SYSTEMPATH\Boot.php(67): CodeIgniter\Boot::runCodeIgniter(Object(CodeIgniter\CodeIgniter))
 8 FCPATH\index.php(56): CodeIgniter\Boot::bootWeb(Object(Config\Paths))
 9 SYSTEMPATH\rewrite.php(44): require_once('C:\\xampp\\htdocs\\JobMatch\\public\\index.php')
CRITICAL - 2025-01-01 16:33:18 --> ErrorException: Undefined property: stdClass::$nama_freelance
[Method: GET, Route: freelancer/applied-job/detail/9]
in APPPATH\Views\freelancer\applied\detail.php on line 47.
 1 APPPATH\Views\freelancer\applied\detail.php(47): CodeIgniter\Debug\Exceptions->errorHandler(2, 'Undefined property: stdClass::$nama_freelance', 'C:\\xampp\\htdocs\\JobMatch\\app\\Views\\freelancer\\applied\\detail.php', 47)
 2 SYSTEMPATH\View\View.php(234): include('C:\\xampp\\htdocs\\JobMatch\\app\\Views\\freelancer\\applied\\detail.php')
 3 SYSTEMPATH\View\View.php(237): CodeIgniter\View\View->CodeIgniter\View\{closure}()
 4 SYSTEMPATH\Common.php(1171): CodeIgniter\View\View->render('freelancer/applied/detail', [], true)
 5 APPPATH\Controllers\AppliedJob.php(31): view('freelancer/applied/detail', [...])
 6 SYSTEMPATH\CodeIgniter.php(933): App\Controllers\AppliedJob->detail('9')
 7 SYSTEMPATH\CodeIgniter.php(509): CodeIgniter\CodeIgniter->runController(Object(App\Controllers\AppliedJob))
 8 SYSTEMPATH\CodeIgniter.php(355): CodeIgniter\CodeIgniter->handleRequest(null, Object(Config\Cache), false)
 9 SYSTEMPATH\Boot.php(325): CodeIgniter\CodeIgniter->run()
10 SYSTEMPATH\Boot.php(67): CodeIgniter\Boot::runCodeIgniter(Object(CodeIgniter\CodeIgniter))
11 FCPATH\index.php(56): CodeIgniter\Boot::bootWeb(Object(Config\Paths))
12 SYSTEMPATH\rewrite.php(44): require_once('C:\\xampp\\htdocs\\JobMatch\\public\\index.php')
CRITICAL - 2025-01-01 16:35:59 --> ErrorException: Undefined property: stdClass::$nama_freelance
[Method: GET, Route: freelancer/applied-job/detail/9]
in APPPATH\Views\freelancer\applied\detail.php on line 47.
 1 APPPATH\Views\freelancer\applied\detail.php(47): CodeIgniter\Debug\Exceptions->errorHandler(2, 'Undefined property: stdClass::$nama_freelance', 'C:\\xampp\\htdocs\\JobMatch\\app\\Views\\freelancer\\applied\\detail.php', 47)
 2 SYSTEMPATH\View\View.php(234): include('C:\\xampp\\htdocs\\JobMatch\\app\\Views\\freelancer\\applied\\detail.php')
 3 SYSTEMPATH\View\View.php(237): CodeIgniter\View\View->CodeIgniter\View\{closure}()
 4 SYSTEMPATH\Common.php(1171): CodeIgniter\View\View->render('freelancer/applied/detail', [], true)
 5 APPPATH\Controllers\AppliedJob.php(31): view('freelancer/applied/detail', [...])
 6 SYSTEMPATH\CodeIgniter.php(933): App\Controllers\AppliedJob->detail('9')
 7 SYSTEMPATH\CodeIgniter.php(509): CodeIgniter\CodeIgniter->runController(Object(App\Controllers\AppliedJob))
 8 SYSTEMPATH\CodeIgniter.php(355): CodeIgniter\CodeIgniter->handleRequest(null, Object(Config\Cache), false)
 9 SYSTEMPATH\Boot.php(325): CodeIgniter\CodeIgniter->run()
10 SYSTEMPATH\Boot.php(67): CodeIgniter\Boot::runCodeIgniter(Object(CodeIgniter\CodeIgniter))
11 FCPATH\index.php(56): CodeIgniter\Boot::bootWeb(Object(Config\Paths))
12 SYSTEMPATH\rewrite.php(44): require_once('C:\\xampp\\htdocs\\JobMatch\\public\\index.php')
CRITICAL - 2025-01-01 16:41:29 --> ErrorException: Undefined property: stdClass::$nama_freelance
[Method: GET, Route: freelancer/applied-job/detail/9]
in APPPATH\Views\freelancer\applied\detail.php on line 47.
 1 APPPATH\Views\freelancer\applied\detail.php(47): CodeIgniter\Debug\Exceptions->errorHandler(2, 'Undefined property: stdClass::$nama_freelance', 'C:\\xampp\\htdocs\\JobMatch\\app\\Views\\freelancer\\applied\\detail.php', 47)
 2 SYSTEMPATH\View\View.php(234): include('C:\\xampp\\htdocs\\JobMatch\\app\\Views\\freelancer\\applied\\detail.php')
 3 SYSTEMPATH\View\View.php(237): CodeIgniter\View\View->CodeIgniter\View\{closure}()
 4 SYSTEMPATH\Common.php(1171): CodeIgniter\View\View->render('freelancer/applied/detail', [], true)
 5 APPPATH\Controllers\AppliedJob.php(31): view('freelancer/applied/detail', [...])
 6 SYSTEMPATH\CodeIgniter.php(933): App\Controllers\AppliedJob->detail('9')
 7 SYSTEMPATH\CodeIgniter.php(509): CodeIgniter\CodeIgniter->runController(Object(App\Controllers\AppliedJob))
 8 SYSTEMPATH\CodeIgniter.php(355): CodeIgniter\CodeIgniter->handleRequest(null, Object(Config\Cache), false)
 9 SYSTEMPATH\Boot.php(325): CodeIgniter\CodeIgniter->run()
10 SYSTEMPATH\Boot.php(67): CodeIgniter\Boot::runCodeIgniter(Object(CodeIgniter\CodeIgniter))
11 FCPATH\index.php(56): CodeIgniter\Boot::bootWeb(Object(Config\Paths))
12 SYSTEMPATH\rewrite.php(44): require_once('C:\\xampp\\htdocs\\JobMatch\\public\\index.php')
CRITICAL - 2025-01-01 16:46:00 --> ErrorException: Undefined property: stdClass::$nama_freelance
[Method: GET, Route: freelancer/applied-job/detail/9]
in APPPATH\Views\freelancer\applied\detail.php on line 47.
 1 APPPATH\Views\freelancer\applied\detail.php(47): CodeIgniter\Debug\Exceptions->errorHandler(2, 'Undefined property: stdClass::$nama_freelance', 'C:\\xampp\\htdocs\\JobMatch\\app\\Views\\freelancer\\applied\\detail.php', 47)
 2 SYSTEMPATH\View\View.php(234): include('C:\\xampp\\htdocs\\JobMatch\\app\\Views\\freelancer\\applied\\detail.php')
 3 SYSTEMPATH\View\View.php(237): CodeIgniter\View\View->CodeIgniter\View\{closure}()
 4 SYSTEMPATH\Common.php(1171): CodeIgniter\View\View->render('freelancer/applied/detail', [], true)
 5 APPPATH\Controllers\AppliedJob.php(31): view('freelancer/applied/detail', [...])
 6 SYSTEMPATH\CodeIgniter.php(933): App\Controllers\AppliedJob->detail('9')
 7 SYSTEMPATH\CodeIgniter.php(509): CodeIgniter\CodeIgniter->runController(Object(App\Controllers\AppliedJob))
 8 SYSTEMPATH\CodeIgniter.php(355): CodeIgniter\CodeIgniter->handleRequest(null, Object(Config\Cache), false)
 9 SYSTEMPATH\Boot.php(325): CodeIgniter\CodeIgniter->run()
10 SYSTEMPATH\Boot.php(67): CodeIgniter\Boot::runCodeIgniter(Object(CodeIgniter\CodeIgniter))
11 FCPATH\index.php(56): CodeIgniter\Boot::bootWeb(Object(Config\Paths))
12 SYSTEMPATH\rewrite.php(44): require_once('C:\\xampp\\htdocs\\JobMatch\\public\\index.php')
CRITICAL - 2025-01-01 17:09:38 --> CodeIgniter\View\Exceptions\ViewException: Invalid file: "layout/main.php"
[Method: GET, Route: freelancer/finished]
in SYSTEMPATH\Exceptions\FrameworkException.php on line 41.
 1 SYSTEMPATH\View\View.php(222): CodeIgniter\Exceptions\FrameworkException::forInvalidFile('layout/main.php')
 2 SYSTEMPATH\View\View.php(250): CodeIgniter\View\View->render('layout/main', [], true)
 3 SYSTEMPATH\Common.php(1171): CodeIgniter\View\View->render('freelancer/finished', [], true)
 4 APPPATH\Controllers\AppliedJob.php(38): view('freelancer/finished', [...])
 5 SYSTEMPATH\CodeIgniter.php(933): App\Controllers\AppliedJob->finished()
 6 SYSTEMPATH\CodeIgniter.php(509): CodeIgniter\CodeIgniter->runController(Object(App\Controllers\AppliedJob))
 7 SYSTEMPATH\CodeIgniter.php(355): CodeIgniter\CodeIgniter->handleRequest(null, Object(Config\Cache), false)
 8 SYSTEMPATH\Boot.php(325): CodeIgniter\CodeIgniter->run()
 9 SYSTEMPATH\Boot.php(67): CodeIgniter\Boot::runCodeIgniter(Object(CodeIgniter\CodeIgniter))
10 FCPATH\index.php(56): CodeIgniter\Boot::bootWeb(Object(Config\Paths))
11 SYSTEMPATH\rewrite.php(44): require_once('C:\\xampp\\htdocs\\JobMatch\\public\\index.php')
CRITICAL - 2025-01-01 17:10:57 --> CodeIgniter\View\Exceptions\ViewException: Invalid file: "layout/main.php"
[Method: GET, Route: freelancer/finished]
in SYSTEMPATH\Exceptions\FrameworkException.php on line 41.
 1 SYSTEMPATH\View\View.php(222): CodeIgniter\Exceptions\FrameworkException::forInvalidFile('layout/main.php')
 2 SYSTEMPATH\View\View.php(250): CodeIgniter\View\View->render('layout/main', [], true)
 3 SYSTEMPATH\Common.php(1171): CodeIgniter\View\View->render('freelancer/finished', [], true)
 4 APPPATH\Controllers\AppliedJob.php(38): view('freelancer/finished', [...])
 5 SYSTEMPATH\CodeIgniter.php(933): App\Controllers\AppliedJob->finished()
 6 SYSTEMPATH\CodeIgniter.php(509): CodeIgniter\CodeIgniter->runController(Object(App\Controllers\AppliedJob))
 7 SYSTEMPATH\CodeIgniter.php(355): CodeIgniter\CodeIgniter->handleRequest(null, Object(Config\Cache), false)
 8 SYSTEMPATH\Boot.php(325): CodeIgniter\CodeIgniter->run()
 9 SYSTEMPATH\Boot.php(67): CodeIgniter\Boot::runCodeIgniter(Object(CodeIgniter\CodeIgniter))
10 FCPATH\index.php(56): CodeIgniter\Boot::bootWeb(Object(Config\Paths))
11 SYSTEMPATH\rewrite.php(44): require_once('C:\\xampp\\htdocs\\JobMatch\\public\\index.php')
CRITICAL - 2025-01-01 17:11:00 --> CodeIgniter\View\Exceptions\ViewException: Invalid file: "layout/main.php"
[Method: GET, Route: freelancer/finished]
in SYSTEMPATH\Exceptions\FrameworkException.php on line 41.
 1 SYSTEMPATH\View\View.php(222): CodeIgniter\Exceptions\FrameworkException::forInvalidFile('layout/main.php')
 2 SYSTEMPATH\View\View.php(250): CodeIgniter\View\View->render('layout/main', [], true)
 3 SYSTEMPATH\Common.php(1171): CodeIgniter\View\View->render('freelancer/finished', [], true)
 4 APPPATH\Controllers\AppliedJob.php(38): view('freelancer/finished', [...])
 5 SYSTEMPATH\CodeIgniter.php(933): App\Controllers\AppliedJob->finished()
 6 SYSTEMPATH\CodeIgniter.php(509): CodeIgniter\CodeIgniter->runController(Object(App\Controllers\AppliedJob))
 7 SYSTEMPATH\CodeIgniter.php(355): CodeIgniter\CodeIgniter->handleRequest(null, Object(Config\Cache), false)
 8 SYSTEMPATH\Boot.php(325): CodeIgniter\CodeIgniter->run()
 9 SYSTEMPATH\Boot.php(67): CodeIgniter\Boot::runCodeIgniter(Object(CodeIgniter\CodeIgniter))
10 FCPATH\index.php(56): CodeIgniter\Boot::bootWeb(Object(Config\Paths))
11 SYSTEMPATH\rewrite.php(44): require_once('C:\\xampp\\htdocs\\JobMatch\\public\\index.php')
